<?xml version="1.0" encoding="UTF-8"?>
<testsuite xmlns:xsi="http://www.w3.org/2001/XMLSchema-instance" xsi:noNamespaceSchemaLocation="https://maven.apache.org/surefire/maven-surefire-plugin/xsd/surefire-test-report.xsd" version="3.0.2" name="io.trading.gateway.exchange.binance.BinanceMessageParserTest" time="0.005" tests="8" errors="0" skipped="0" failures="0">
  <properties>
[...]
</properties>
  <testcase name="testParseTickerInvalidJson" classname="io.trading.gateway.exchange.binance.BinanceMessageParserTest" time="0.001"/>
  <testcase name="testParseTradeBuy" classname="io.trading.gateway.exchange.binance.BinanceMessageParserTest" time="0.001"/>
  <testcase name="testParseTrade" classname="io.trading.gateway.exchange.binance.BinanceMessageParserTest" time="0.001"/>
  <testcase name="testParseTicker" classname="io.trading.gateway.exchange.binance.BinanceMessageParserTest" time="0.0"/>
  <testcase name="testParseOrderBook" classname="io.trading.gateway.exchange.binance.BinanceMessageParserTest" time="0.0"/>
  <testcase name="testIsOrderBook" classname="io.trading.gateway.exchange.binance.BinanceMessageParserTest" time="0.0"/>
  <testcase name="testIsTicker" classname="io.trading.gateway.exchange.binance.BinanceMessageParserTest" time="0.001"/>
  <testcase name="testIsTrade" classname="io.trading.gateway.exchange.binance.BinanceMessageParserTest" time="0.0"/>
</testsuite>